<?xml version="1.0" encoding="UTF-8"?>
<!-- Generated by org.testng.reporters.JUnitReportReporter -->
<testsuite hostname="BCT-LTP-G1007" failures="0" tests="1" name="Test.Demo.FBLoignTest" time="0.000" errors="0" timestamp="2021-12-23T13:36:02 IST" skipped="1">
  <testcase classname="Test.Demo.FBLoignTest" name="init" time="0.000">
    <skipped/>
  </testcase> <!-- init -->
  <system-out/>
</testsuite> <!-- Test.Demo.FBLoignTest -->
