<?xml version="1.0" encoding="UTF-8"?>
<!-- Generated by org.testng.reporters.JUnitReportReporter -->
<testsuite hostname="BCT-LTP-G1007" failures="0" tests="1" name="edureka.tests.API" time="2.530" errors="0" timestamp="2021-12-31T16:43:12 IST" skipped="0">
  <testcase classname="edureka.tests.API" name="put" time="2.530"/>
  <system-out/>
</testsuite> <!-- edureka.tests.API -->
