<?xml version="1.0" encoding="UTF-8"?>
<!-- Generated by org.testng.reporters.JUnitReportReporter -->
<testsuite hostname="BCT-LTP-G1007" failures="0" tests="1" name="edureka.tests.APIExamples" time="1.438" errors="0" timestamp="2022-01-03T14:01:28 IST" skipped="0">
  <testcase classname="edureka.tests.APIExamples" name="test_06" time="1.438"/>
  <system-out/>
</testsuite> <!-- edureka.tests.APIExamples -->
