<?xml version="1.0" encoding="UTF-8"?>
<!-- Generated by org.testng.reporters.JUnitReportReporter -->
<testsuite hostname="BCT-LTP-G1007" failures="0" tests="1" name="edureka.tests.SchemaValidation" time="1.894" errors="0" timestamp="2022-01-07T12:34:49 IST" skipped="0">
  <testcase classname="edureka.tests.SchemaValidation" name="getData" time="1.894"/>
  <system-out/>
</testsuite> <!-- edureka.tests.SchemaValidation -->
