<?xml version="1.0" encoding="UTF-8"?>
<!-- Generated by org.testng.reporters.JUnitReportReporter -->
<testsuite hostname="BCT-LTP-G1007" failures="0" tests="1" name="edureka.tests.DemoParameterization" time="1.636" errors="0" timestamp="2022-01-05T13:54:34 IST" skipped="0">
  <testcase classname="edureka.tests.DemoParameterization" name="testcase_01" time="1.636"/>
  <system-out/>
</testsuite> <!-- edureka.tests.DemoParameterization -->
