<?xml version="1.0" encoding="UTF-8"?>
<!-- Generated by org.testng.reporters.JUnitReportReporter -->
<testsuite hostname="BCT-LTP-G1007" failures="0" tests="3" name="Test.Demo.AppTest" time="0.009" errors="0" timestamp="2021-12-17T17:56:19 IST" skipped="0">
  <testcase classname="Test.Demo.AppTest" name="testCaseTwo" time="0.001"/>
  <system-out/>
  <testcase classname="Test.Demo.AppTest" name="testCaseThree" time="0.001"/>
  <system-out/>
  <testcase classname="Test.Demo.AppTest" name="testCaseOne" time="0.007"/>
  <system-out/>
</testsuite> <!-- Test.Demo.AppTest -->
