<?xml version="1.0" encoding="UTF-8"?>
<!-- Generated by org.testng.reporters.JUnitReportReporter -->
<testsuite hostname="BCT-LTP-G1007" failures="0" tests="1" name="edureka.tests.TestNGAnnotationsExcelDataRead" time="17.191" errors="0" timestamp="2022-01-11T17:01:04 IST" skipped="0">
  <testcase classname="edureka.tests.TestNGAnnotationsExcelDataRead" name="screenShot" time="17.191"/>
  <system-out/>
</testsuite> <!-- edureka.tests.TestNGAnnotationsExcelDataRead -->
