<?xml version="1.0" encoding="UTF-8"?>
<!-- Generated by org.testng.reporters.JUnitReportReporter -->
<testsuite hostname="BCT-LTP-G1007" failures="0" tests="1" name="edureka.tests.FbLoginTest" time="0.457" errors="0" timestamp="2021-12-24T18:04:53 IST" skipped="0">
  <testcase classname="edureka.tests.FbLoginTest" name="init" time="0.457"/>
  <system-out/>
</testsuite> <!-- edureka.tests.FbLoginTest -->
