<?xml version="1.0" encoding="UTF-8"?>
<!-- Generated by org.testng.reporters.JUnitReportReporter -->
<testsuite hostname="BCT-LTP-G1007" failures="0" tests="1" name="edureka.tests.TestNGAnnotations" time="0.404" errors="0" timestamp="2022-01-10T11:23:34 IST" skipped="0">
  <testcase classname="edureka.tests.TestNGAnnotations" name="m1" time="0.404"/>
  <system-out/>
</testsuite> <!-- edureka.tests.TestNGAnnotations -->
