<?xml version="1.0" encoding="UTF-8"?>
<!-- Generated by org.testng.reporters.JUnitReportReporter -->
<testsuite hostname="BCT-LTP-G1007" failures="0" tests="1" name="edureka.tests.TestBase" time="15.923" errors="0" timestamp="2021-12-30T10:37:26 IST" skipped="0">
  <testcase classname="edureka.tests.TestBase" name="initialize" time="15.923"/>
  <system-out/>
</testsuite> <!-- edureka.tests.TestBase -->
