<?xml version="1.0" encoding="UTF-8"?>
<!-- Generated by org.testng.reporters.JUnitReportReporter -->
<testsuite hostname="BCT-LTP-G1007" failures="0" tests="1" name="edureka.tests.ExtentReport" time="0.454" errors="0" timestamp="2022-01-12T17:28:17 IST" skipped="0">
  <testcase classname="edureka.tests.ExtentReport" name="reportTest" time="0.454"/>
  <system-out/>
</testsuite> <!-- edureka.tests.ExtentReport -->
